<?xml version="1.0" encoding="UTF-8"?>
<!-- Generated by org.testng.reporters.JUnitXMLReporter -->
<testsuite hostname="pablo-HP" name="Command line test" tests="1" failures="1" timestamp="21 Feb 2015 18:29:23 GMT" time="11.921" errors="0">
  <testcase name="contarDatos" time="11.812" classname="co.unbosque.edu.conexionTest.TestConecxionClase">
    <failure type="org.postgresql.util.PSQLException" message="This connection has been closed.">
      <![CDATA[org.postgresql.util.PSQLException: This connection has been closed.
	at org.postgresql.jdbc2.AbstractJdbc2Connection.checkClosed(AbstractJdbc2Connection.java:820)
	at org.postgresql.jdbc3.AbstractJdbc3Connection.prepareStatement(AbstractJdbc3Connection.java:275)
	at org.postgresql.jdbc2.AbstractJdbc2Connection.prepareStatement(AbstractJdbc2Connection.java:293)
	at com.mycompany.basesdedatos.Usuario2.ejecutarQuery(Usuario2.java:31)
	at co.unbosque.edu.conexionTest.TestConecxionClase.contarDatos(TestConecxionClase.java:41)
... Removed 33 stack frames]]>
    </failure>
  </testcase> <!-- contarDatos -->
</testsuite> <!-- Command line test -->
