<?xml version="1.0" encoding="UTF-8"?>
<!-- Generated by org.testng.reporters.JUnitXMLReporter -->
<testsuite hostname="pablo-HP" name="Command line test" tests="1" failures="1" timestamp="21 Feb 2015 19:15:36 GMT" time="22.25" errors="0">
  <testcase name="pruevaConexion1" time="22.14" classname="co.unbosque.edu.conexionTest.TestConexionBD">
    <failure type="java.lang.AssertionError" message="expected object to not be null">
      <![CDATA[java.lang.AssertionError: expected object to not be null
	at co.unbosque.edu.conexionTest.TestConexionBD.pruevaConexion1(TestConexionBD.java:51)
... Removed 36 stack frames]]>
    </failure>
  </testcase> <!-- pruevaConexion1 -->
</testsuite> <!-- Command line test -->
