<?xml version="1.0" encoding="UTF-8"?>
<testng-results skipped="0" failed="0" total="1" passed="1">
  <reporter-output>
  </reporter-output>
  <suite name="co.unbosque.edu.conexionTest.TestConexionBD" duration-ms="1393" started-at="2015-02-21T06:56:46Z" finished-at="2015-02-21T06:56:48Z">
    <groups>
    </groups>
    <test name="Command line test" duration-ms="1393" started-at="2015-02-21T06:56:46Z" finished-at="2015-02-21T06:56:48Z">
      <class name="co.unbosque.edu.conexionTest.TestConexionBD">
        <test-method status="PASS" signature="pruevaConexion1()[pri:0, instance:co.unbosque.edu.conexionTest.TestConexionBD@1815a349]" name="pruevaConexion1" duration-ms="1362" started-at="2015-02-21T01:56:46Z" finished-at="2015-02-21T01:56:47Z">
          <reporter-output>
          </reporter-output>
        </test-method> <!-- pruevaConexion1 -->
      </class> <!-- co.unbosque.edu.conexionTest.TestConexionBD -->
    </test> <!-- Command line test -->
  </suite> <!-- co.unbosque.edu.conexionTest.TestConexionBD -->
</testng-results>
